0 info it worked if it ends with ok
1 verbose cli [ '/usr/bin/node', '/usr/bin/npm', 'install', 'dotenv' ]
2 info using npm@3.5.2
3 info using node@v8.10.0
4 silly loadCurrentTree Starting
5 silly install loadCurrentTree
6 silly install readLocalPackageData
7 silly fetchPackageMetaData dotenv
8 silly fetchNamedPackageData dotenv
9 silly mapToRegistry name dotenv
10 silly mapToRegistry using default registry
11 silly mapToRegistry registry https://registry.npmjs.org/
12 silly mapToRegistry uri https://registry.npmjs.org/dotenv
13 verbose request uri https://registry.npmjs.org/dotenv
14 verbose request no auth needed
15 info attempt registry request try #1 at 7:01:04 PM
16 verbose request id 692013bff9d83f8a
17 http request GET https://registry.npmjs.org/dotenv
18 http 200 https://registry.npmjs.org/dotenv
19 verbose headers { date: 'Wed, 22 Jan 2020 03:01:04 GMT',
19 verbose headers   'content-type': 'application/json',
19 verbose headers   'transfer-encoding': 'chunked',
19 verbose headers   connection: 'keep-alive',
19 verbose headers   'set-cookie':
19 verbose headers    [ '__cfduid=d4d533e4c19f49fba16979ddde54534791579662064; expires=Fri, 21-Feb-20 03:01:04 GMT; path=/; domain=.npmjs.org; HttpOnly; SameSite=Lax' ],
19 verbose headers   'cf-ray': '558e48002a5db3ac-IAH',
19 verbose headers   age: '5408',
19 verbose headers   'cache-control': 'public, max-age=300',
19 verbose headers   etag: 'W/"3d1f8b5f5d612419b2caf49c6a87a706"',
19 verbose headers   'last-modified': 'Sun, 01 Dec 2019 18:36:38 GMT',
19 verbose headers   vary: 'accept-encoding, accept',
19 verbose headers   'cf-cache-status': 'HIT',
19 verbose headers   'expect-ct': 'max-age=604800, report-uri="https://report-uri.cloudflare.com/cdn-cgi/beacon/expect-ct"',
19 verbose headers   server: 'cloudflare',
19 verbose headers   'content-encoding': 'gzip' }
20 silly get cb [ 200,
20 silly get   { date: 'Wed, 22 Jan 2020 03:01:04 GMT',
20 silly get     'content-type': 'application/json',
20 silly get     'transfer-encoding': 'chunked',
20 silly get     connection: 'keep-alive',
20 silly get     'set-cookie':
20 silly get      [ '__cfduid=d4d533e4c19f49fba16979ddde54534791579662064; expires=Fri, 21-Feb-20 03:01:04 GMT; path=/; domain=.npmjs.org; HttpOnly; SameSite=Lax' ],
20 silly get     'cf-ray': '558e48002a5db3ac-IAH',
20 silly get     age: '5408',
20 silly get     'cache-control': 'public, max-age=300',
20 silly get     etag: 'W/"3d1f8b5f5d612419b2caf49c6a87a706"',
20 silly get     'last-modified': 'Sun, 01 Dec 2019 18:36:38 GMT',
20 silly get     vary: 'accept-encoding, accept',
20 silly get     'cf-cache-status': 'HIT',
20 silly get     'expect-ct': 'max-age=604800, report-uri="https://report-uri.cloudflare.com/cdn-cgi/beacon/expect-ct"',
20 silly get     server: 'cloudflare',
20 silly get     'content-encoding': 'gzip' } ]
21 verbose get saving dotenv to /home/jlavan1/.npm/registry.npmjs.org/dotenv/.cache.json
22 silly install normalizeTree
23 silly loadCurrentTree Finishing
24 silly loadIdealTree Starting
25 silly install loadIdealTree
26 silly cloneCurrentTree Starting
27 silly install cloneCurrentTreeToIdealTree
28 silly cloneCurrentTree Finishing
29 silly loadShrinkwrap Starting
30 silly install loadShrinkwrap
31 silly loadShrinkwrap Finishing
32 silly loadAllDepsIntoIdealTree Starting
33 silly install loadAllDepsIntoIdealTree
34 silly resolveWithNewModule dotenv@8.2.0 checking installable status
35 silly cache add args [ 'dotenv', null ]
36 verbose cache add spec dotenv
37 silly cache add parsed spec Result {
37 silly cache add   raw: 'dotenv',
37 silly cache add   scope: null,
37 silly cache add   name: 'dotenv',
37 silly cache add   rawSpec: '',
37 silly cache add   spec: 'latest',
37 silly cache add   type: 'tag' }
38 silly addNamed dotenv@latest
39 verbose addNamed "latest" is being treated as a dist-tag for dotenv
40 info addNameTag [ 'dotenv', 'latest' ]
41 silly mapToRegistry name dotenv
42 silly mapToRegistry using default registry
43 silly mapToRegistry registry https://registry.npmjs.org/
44 silly mapToRegistry uri https://registry.npmjs.org/dotenv
45 verbose addNameTag registry:https://registry.npmjs.org/dotenv not in flight; fetching
46 verbose get https://registry.npmjs.org/dotenv not expired, no request
47 silly addNameTag next cb for dotenv with tag latest
48 silly addNamed dotenv@8.2.0
49 verbose addNamed "8.2.0" is a plain semver version for dotenv
50 silly mapToRegistry name dotenv
51 silly mapToRegistry using default registry
52 silly mapToRegistry registry https://registry.npmjs.org/
53 silly mapToRegistry uri https://registry.npmjs.org/dotenv
54 verbose addRemoteTarball https://registry.npmjs.org/dotenv/-/dotenv-8.2.0.tgz not in flight; adding
55 verbose addRemoteTarball [ 'https://registry.npmjs.org/dotenv/-/dotenv-8.2.0.tgz',
55 verbose addRemoteTarball   '97e619259ada750eea3e4ea3e26bceea5424b16a' ]
56 info retry fetch attempt 1 at 7:01:04 PM
57 info attempt registry request try #1 at 7:01:04 PM
58 http fetch GET https://registry.npmjs.org/dotenv/-/dotenv-8.2.0.tgz
59 http fetch 200 https://registry.npmjs.org/dotenv/-/dotenv-8.2.0.tgz
60 silly fetchAndShaCheck shasum 97e619259ada750eea3e4ea3e26bceea5424b16a
61 verbose addTmpTarball /tmp/npm-13573-9f71f8e1/registry.npmjs.org/dotenv/-/dotenv-8.2.0.tgz not in flight; adding
62 verbose addTmpTarball already have metadata; skipping unpack for dotenv@8.2.0
63 silly cache afterAdd dotenv@8.2.0
64 verbose afterAdd /home/jlavan1/.npm/dotenv/8.2.0/package/package.json not in flight; writing
65 verbose afterAdd /home/jlavan1/.npm/dotenv/8.2.0/package/package.json written
66 silly loadAllDepsIntoIdealTree Finishing
67 silly idealTree:prePrune scheduler@1.0.0
67 silly idealTree:prePrune ├── @types/node@13.1.7
67 silly idealTree:prePrune ├── accepts@1.3.7
67 silly idealTree:prePrune ├── ansicolors@0.3.2
67 silly idealTree:prePrune ├── any-promise@1.3.0
67 silly idealTree:prePrune ├── array-flatten@1.1.1
67 silly idealTree:prePrune ├── async@3.1.0
67 silly idealTree:prePrune ├── base64url@3.0.1
67 silly idealTree:prePrune ├── bluebird@3.7.2
67 silly idealTree:prePrune ├── body-parser@1.19.0
67 silly idealTree:prePrune ├── buffer-writer@2.0.0
67 silly idealTree:prePrune ├── bytes@3.1.0
67 silly idealTree:prePrune ├── cardinal@2.1.1
67 silly idealTree:prePrune ├── cls-bluebird@2.1.0
67 silly idealTree:prePrune ├── content-disposition@0.5.3
67 silly idealTree:prePrune ├── content-type@1.0.4
67 silly idealTree:prePrune ├── cookie-signature@1.0.6
67 silly idealTree:prePrune ├── cookie@0.4.0
67 silly idealTree:prePrune ├── debug@2.6.9
67 silly idealTree:prePrune ├── denque@1.4.1
67 silly idealTree:prePrune ├── depd@1.1.2
67 silly idealTree:prePrune ├── destroy@1.0.4
67 silly idealTree:prePrune ├── dotenv@8.2.0
67 silly idealTree:prePrune ├── dottie@2.0.2
67 silly idealTree:prePrune ├── ee-first@1.1.1
67 silly idealTree:prePrune ├── encodeurl@1.0.2
67 silly idealTree:prePrune ├── escape-html@1.0.3
67 silly idealTree:prePrune ├── esprima@4.0.1
67 silly idealTree:prePrune ├── etag@1.8.1
67 silly idealTree:prePrune ├── express@4.17.1
67 silly idealTree:prePrune ├── finalhandler@1.1.2
67 silly idealTree:prePrune ├── forwarded@0.1.2
67 silly idealTree:prePrune ├── fresh@0.5.2
67 silly idealTree:prePrune ├── generate-function@2.3.1
67 silly idealTree:prePrune ├── http-errors@1.7.2
67 silly idealTree:prePrune ├── iconv-lite@0.4.24
67 silly idealTree:prePrune ├── inflection@1.12.0
67 silly idealTree:prePrune ├── inherits@2.0.3
67 silly idealTree:prePrune ├── ipaddr.js@1.9.0
67 silly idealTree:prePrune ├── is-bluebird@1.0.2
67 silly idealTree:prePrune ├── is-property@1.0.2
67 silly idealTree:prePrune ├── lodash@4.17.15
67 silly idealTree:prePrune ├── long@4.0.0
67 silly idealTree:prePrune ├── lru-cache@5.1.1
67 silly idealTree:prePrune ├── media-typer@0.3.0
67 silly idealTree:prePrune ├── merge-descriptors@1.0.1
67 silly idealTree:prePrune ├── methods@1.1.2
67 silly idealTree:prePrune ├── mime-db@1.43.0
67 silly idealTree:prePrune ├── mime-types@2.1.26
67 silly idealTree:prePrune ├── mime@1.6.0
67 silly idealTree:prePrune ├── moment-timezone@0.5.27
67 silly idealTree:prePrune ├── moment@2.24.0
67 silly idealTree:prePrune ├── ms@2.0.0
67 silly idealTree:prePrune ├─┬ mustache-express@1.3.0
67 silly idealTree:prePrune │ └── mustache@3.2.1
67 silly idealTree:prePrune ├── mustache@4.0.0
67 silly idealTree:prePrune ├─┬ named-placeholders@1.1.2
67 silly idealTree:prePrune │ ├── lru-cache@4.1.5
67 silly idealTree:prePrune │ └── yallist@2.1.2
67 silly idealTree:prePrune ├── negotiator@0.6.2
67 silly idealTree:prePrune ├── oauth@0.9.15
67 silly idealTree:prePrune ├── on-finished@2.3.0
67 silly idealTree:prePrune ├── packet-reader@1.0.0
67 silly idealTree:prePrune ├── parseurl@1.3.3
67 silly idealTree:prePrune ├── passport-google-oauth20@2.0.0
67 silly idealTree:prePrune ├── passport-oauth2@1.5.0
67 silly idealTree:prePrune ├── passport-strategy@1.0.0
67 silly idealTree:prePrune ├── passport@0.4.1
67 silly idealTree:prePrune ├── path-to-regexp@0.1.7
67 silly idealTree:prePrune ├── pause@0.0.1
67 silly idealTree:prePrune ├── pg-connection-string@0.1.3
67 silly idealTree:prePrune ├── pg-int8@1.0.1
67 silly idealTree:prePrune ├── pg-packet-stream@1.1.0
67 silly idealTree:prePrune ├── pg-pool@2.0.9
67 silly idealTree:prePrune ├── pg-types@2.2.0
67 silly idealTree:prePrune ├─┬ pg@7.17.1
67 silly idealTree:prePrune │ └── semver@4.3.2
67 silly idealTree:prePrune ├── pgpass@1.0.2
67 silly idealTree:prePrune ├── postgres-array@2.0.0
67 silly idealTree:prePrune ├── postgres-bytea@1.0.0
67 silly idealTree:prePrune ├── postgres-date@1.0.4
67 silly idealTree:prePrune ├── postgres-interval@1.2.0
67 silly idealTree:prePrune ├── proxy-addr@2.0.5
67 silly idealTree:prePrune ├── pseudomap@1.0.2
67 silly idealTree:prePrune ├── qs@6.7.0
67 silly idealTree:prePrune ├── range-parser@1.2.1
67 silly idealTree:prePrune ├── raw-body@2.4.0
67 silly idealTree:prePrune ├── redeyed@2.1.1
67 silly idealTree:prePrune ├── retry-as-promised@3.2.0
67 silly idealTree:prePrune ├── safe-buffer@5.1.2
67 silly idealTree:prePrune ├── safer-buffer@2.1.2
67 silly idealTree:prePrune ├── semver@6.3.0
67 silly idealTree:prePrune ├─┬ send@0.17.1
67 silly idealTree:prePrune │ └── ms@2.1.1
67 silly idealTree:prePrune ├── seq-queue@0.0.5
67 silly idealTree:prePrune ├── sequelize-pool@2.3.0
67 silly idealTree:prePrune ├─┬ sequelize@5.21.3
67 silly idealTree:prePrune │ ├── debug@4.1.1
67 silly idealTree:prePrune │ └── ms@2.1.2
67 silly idealTree:prePrune ├── serve-static@1.14.1
67 silly idealTree:prePrune ├── setprototypeof@1.1.1
67 silly idealTree:prePrune ├── shimmer@1.2.1
67 silly idealTree:prePrune ├── split@1.0.1
67 silly idealTree:prePrune ├── sqlstring@2.3.1
67 silly idealTree:prePrune ├── statuses@1.5.0
67 silly idealTree:prePrune ├── through@2.3.8
67 silly idealTree:prePrune ├── toidentifier@1.0.0
67 silly idealTree:prePrune ├── toposort-class@1.0.1
67 silly idealTree:prePrune ├── type-is@1.6.18
67 silly idealTree:prePrune ├── uid2@0.0.3
67 silly idealTree:prePrune ├── unpipe@1.0.0
67 silly idealTree:prePrune ├── utils-merge@1.0.1
67 silly idealTree:prePrune ├── uuid@3.3.3
67 silly idealTree:prePrune ├── validator@10.11.0
67 silly idealTree:prePrune ├── vary@1.1.2
67 silly idealTree:prePrune ├── wkx@0.4.8
67 silly idealTree:prePrune ├── xtend@4.0.2
67 silly idealTree:prePrune └── yallist@3.1.1
68 silly loadIdealTree Finishing
69 silly currentTree scheduler@1.0.0
69 silly currentTree ├── @types/node@13.1.7
69 silly currentTree ├── accepts@1.3.7
69 silly currentTree ├── ansicolors@0.3.2
69 silly currentTree ├── any-promise@1.3.0
69 silly currentTree ├── array-flatten@1.1.1
69 silly currentTree ├── async@3.1.0
69 silly currentTree ├── base64url@3.0.1
69 silly currentTree ├── bluebird@3.7.2
69 silly currentTree ├── body-parser@1.19.0
69 silly currentTree ├── buffer-writer@2.0.0
69 silly currentTree ├── bytes@3.1.0
69 silly currentTree ├── cardinal@2.1.1
69 silly currentTree ├── cls-bluebird@2.1.0
69 silly currentTree ├── content-disposition@0.5.3
69 silly currentTree ├── content-type@1.0.4
69 silly currentTree ├── cookie-signature@1.0.6
69 silly currentTree ├── cookie@0.4.0
69 silly currentTree ├── debug@2.6.9
69 silly currentTree ├── denque@1.4.1
69 silly currentTree ├── depd@1.1.2
69 silly currentTree ├── destroy@1.0.4
69 silly currentTree ├── dottie@2.0.2
69 silly currentTree ├── ee-first@1.1.1
69 silly currentTree ├── encodeurl@1.0.2
69 silly currentTree ├── escape-html@1.0.3
69 silly currentTree ├── esprima@4.0.1
69 silly currentTree ├── etag@1.8.1
69 silly currentTree ├── express@4.17.1
69 silly currentTree ├── finalhandler@1.1.2
69 silly currentTree ├── forwarded@0.1.2
69 silly currentTree ├── fresh@0.5.2
69 silly currentTree ├── generate-function@2.3.1
69 silly currentTree ├── http-errors@1.7.2
69 silly currentTree ├── iconv-lite@0.4.24
69 silly currentTree ├── inflection@1.12.0
69 silly currentTree ├── inherits@2.0.3
69 silly currentTree ├── ipaddr.js@1.9.0
69 silly currentTree ├── is-bluebird@1.0.2
69 silly currentTree ├── is-property@1.0.2
69 silly currentTree ├── lodash@4.17.15
69 silly currentTree ├── long@4.0.0
69 silly currentTree ├── lru-cache@5.1.1
69 silly currentTree ├── media-typer@0.3.0
69 silly currentTree ├── merge-descriptors@1.0.1
69 silly currentTree ├── methods@1.1.2
69 silly currentTree ├── mime-db@1.43.0
69 silly currentTree ├── mime-types@2.1.26
69 silly currentTree ├── mime@1.6.0
69 silly currentTree ├── moment-timezone@0.5.27
69 silly currentTree ├── moment@2.24.0
69 silly currentTree ├── ms@2.0.0
69 silly currentTree ├─┬ mustache-express@1.3.0
69 silly currentTree │ └── mustache@3.2.1
69 silly currentTree ├── mustache@4.0.0
69 silly currentTree ├─┬ named-placeholders@1.1.2
69 silly currentTree │ ├── lru-cache@4.1.5
69 silly currentTree │ └── yallist@2.1.2
69 silly currentTree ├── negotiator@0.6.2
69 silly currentTree ├── oauth@0.9.15
69 silly currentTree ├── on-finished@2.3.0
69 silly currentTree ├── packet-reader@1.0.0
69 silly currentTree ├── parseurl@1.3.3
69 silly currentTree ├── passport-google-oauth20@2.0.0
69 silly currentTree ├── passport-oauth2@1.5.0
69 silly currentTree ├── passport-strategy@1.0.0
69 silly currentTree ├── passport@0.4.1
69 silly currentTree ├── path-to-regexp@0.1.7
69 silly currentTree ├── pause@0.0.1
69 silly currentTree ├── pg-connection-string@0.1.3
69 silly currentTree ├── pg-int8@1.0.1
69 silly currentTree ├── pg-packet-stream@1.1.0
69 silly currentTree ├── pg-pool@2.0.9
69 silly currentTree ├── pg-types@2.2.0
69 silly currentTree ├─┬ pg@7.17.1
69 silly currentTree │ └── semver@4.3.2
69 silly currentTree ├── pgpass@1.0.2
69 silly currentTree ├── postgres-array@2.0.0
69 silly currentTree ├── postgres-bytea@1.0.0
69 silly currentTree ├── postgres-date@1.0.4
69 silly currentTree ├── postgres-interval@1.2.0
69 silly currentTree ├── proxy-addr@2.0.5
69 silly currentTree ├── pseudomap@1.0.2
69 silly currentTree ├── qs@6.7.0
69 silly currentTree ├── range-parser@1.2.1
69 silly currentTree ├── raw-body@2.4.0
69 silly currentTree ├── redeyed@2.1.1
69 silly currentTree ├── retry-as-promised@3.2.0
69 silly currentTree ├── safe-buffer@5.1.2
69 silly currentTree ├── safer-buffer@2.1.2
69 silly currentTree ├── semver@6.3.0
69 silly currentTree ├─┬ send@0.17.1
69 silly currentTree │ └── ms@2.1.1
69 silly currentTree ├── seq-queue@0.0.5
69 silly currentTree ├── sequelize-pool@2.3.0
69 silly currentTree ├─┬ sequelize@5.21.3
69 silly currentTree │ ├── debug@4.1.1
69 silly currentTree │ └── ms@2.1.2
69 silly currentTree ├── serve-static@1.14.1
69 silly currentTree ├── setprototypeof@1.1.1
69 silly currentTree ├── shimmer@1.2.1
69 silly currentTree ├── split@1.0.1
69 silly currentTree ├── sqlstring@2.3.1
69 silly currentTree ├── statuses@1.5.0
69 silly currentTree ├── through@2.3.8
69 silly currentTree ├── toidentifier@1.0.0
69 silly currentTree ├── toposort-class@1.0.1
69 silly currentTree ├── type-is@1.6.18
69 silly currentTree ├── uid2@0.0.3
69 silly currentTree ├── unpipe@1.0.0
69 silly currentTree ├── utils-merge@1.0.1
69 silly currentTree ├── uuid@3.3.3
69 silly currentTree ├── validator@10.11.0
69 silly currentTree ├── vary@1.1.2
69 silly currentTree ├── wkx@0.4.8
69 silly currentTree ├── xtend@4.0.2
69 silly currentTree └── yallist@3.1.1
70 silly idealTree scheduler@1.0.0
70 silly idealTree ├── @types/node@13.1.7
70 silly idealTree ├── accepts@1.3.7
70 silly idealTree ├── ansicolors@0.3.2
70 silly idealTree ├── any-promise@1.3.0
70 silly idealTree ├── array-flatten@1.1.1
70 silly idealTree ├── async@3.1.0
70 silly idealTree ├── base64url@3.0.1
70 silly idealTree ├── bluebird@3.7.2
70 silly idealTree ├── body-parser@1.19.0
70 silly idealTree ├── buffer-writer@2.0.0
70 silly idealTree ├── bytes@3.1.0
70 silly idealTree ├── cardinal@2.1.1
70 silly idealTree ├── cls-bluebird@2.1.0
70 silly idealTree ├── content-disposition@0.5.3
70 silly idealTree ├── content-type@1.0.4
70 silly idealTree ├── cookie-signature@1.0.6
70 silly idealTree ├── cookie@0.4.0
70 silly idealTree ├── debug@2.6.9
70 silly idealTree ├── denque@1.4.1
70 silly idealTree ├── depd@1.1.2
70 silly idealTree ├── destroy@1.0.4
70 silly idealTree ├── dotenv@8.2.0
70 silly idealTree ├── dottie@2.0.2
70 silly idealTree ├── ee-first@1.1.1
70 silly idealTree ├── encodeurl@1.0.2
70 silly idealTree ├── escape-html@1.0.3
70 silly idealTree ├── esprima@4.0.1
70 silly idealTree ├── etag@1.8.1
70 silly idealTree ├── express@4.17.1
70 silly idealTree ├── finalhandler@1.1.2
70 silly idealTree ├── forwarded@0.1.2
70 silly idealTree ├── fresh@0.5.2
70 silly idealTree ├── generate-function@2.3.1
70 silly idealTree ├── http-errors@1.7.2
70 silly idealTree ├── iconv-lite@0.4.24
70 silly idealTree ├── inflection@1.12.0
70 silly idealTree ├── inherits@2.0.3
70 silly idealTree ├── ipaddr.js@1.9.0
70 silly idealTree ├── is-bluebird@1.0.2
70 silly idealTree ├── is-property@1.0.2
70 silly idealTree ├── lodash@4.17.15
70 silly idealTree ├── long@4.0.0
70 silly idealTree ├── lru-cache@5.1.1
70 silly idealTree ├── media-typer@0.3.0
70 silly idealTree ├── merge-descriptors@1.0.1
70 silly idealTree ├── methods@1.1.2
70 silly idealTree ├── mime-db@1.43.0
70 silly idealTree ├── mime-types@2.1.26
70 silly idealTree ├── mime@1.6.0
70 silly idealTree ├── moment-timezone@0.5.27
70 silly idealTree ├── moment@2.24.0
70 silly idealTree ├── ms@2.0.0
70 silly idealTree ├─┬ mustache-express@1.3.0
70 silly idealTree │ └── mustache@3.2.1
70 silly idealTree ├── mustache@4.0.0
70 silly idealTree ├─┬ named-placeholders@1.1.2
70 silly idealTree │ ├── lru-cache@4.1.5
70 silly idealTree │ └── yallist@2.1.2
70 silly idealTree ├── negotiator@0.6.2
70 silly idealTree ├── oauth@0.9.15
70 silly idealTree ├── on-finished@2.3.0
70 silly idealTree ├── packet-reader@1.0.0
70 silly idealTree ├── parseurl@1.3.3
70 silly idealTree ├── passport-google-oauth20@2.0.0
70 silly idealTree ├── passport-oauth2@1.5.0
70 silly idealTree ├── passport-strategy@1.0.0
70 silly idealTree ├── passport@0.4.1
70 silly idealTree ├── path-to-regexp@0.1.7
70 silly idealTree ├── pause@0.0.1
70 silly idealTree ├── pg-connection-string@0.1.3
70 silly idealTree ├── pg-int8@1.0.1
70 silly idealTree ├── pg-packet-stream@1.1.0
70 silly idealTree ├── pg-pool@2.0.9
70 silly idealTree ├── pg-types@2.2.0
70 silly idealTree ├─┬ pg@7.17.1
70 silly idealTree │ └── semver@4.3.2
70 silly idealTree ├── pgpass@1.0.2
70 silly idealTree ├── postgres-array@2.0.0
70 silly idealTree ├── postgres-bytea@1.0.0
70 silly idealTree ├── postgres-date@1.0.4
70 silly idealTree ├── postgres-interval@1.2.0
70 silly idealTree ├── proxy-addr@2.0.5
70 silly idealTree ├── pseudomap@1.0.2
70 silly idealTree ├── qs@6.7.0
70 silly idealTree ├── range-parser@1.2.1
70 silly idealTree ├── raw-body@2.4.0
70 silly idealTree ├── redeyed@2.1.1
70 silly idealTree ├── retry-as-promised@3.2.0
70 silly idealTree ├── safe-buffer@5.1.2
70 silly idealTree ├── safer-buffer@2.1.2
70 silly idealTree ├── semver@6.3.0
70 silly idealTree ├─┬ send@0.17.1
70 silly idealTree │ └── ms@2.1.1
70 silly idealTree ├── seq-queue@0.0.5
70 silly idealTree ├── sequelize-pool@2.3.0
70 silly idealTree ├─┬ sequelize@5.21.3
70 silly idealTree │ ├── debug@4.1.1
70 silly idealTree │ └── ms@2.1.2
70 silly idealTree ├── serve-static@1.14.1
70 silly idealTree ├── setprototypeof@1.1.1
70 silly idealTree ├── shimmer@1.2.1
70 silly idealTree ├── split@1.0.1
70 silly idealTree ├── sqlstring@2.3.1
70 silly idealTree ├── statuses@1.5.0
70 silly idealTree ├── through@2.3.8
70 silly idealTree ├── toidentifier@1.0.0
70 silly idealTree ├── toposort-class@1.0.1
70 silly idealTree ├── type-is@1.6.18
70 silly idealTree ├── uid2@0.0.3
70 silly idealTree ├── unpipe@1.0.0
70 silly idealTree ├── utils-merge@1.0.1
70 silly idealTree ├── uuid@3.3.3
70 silly idealTree ├── validator@10.11.0
70 silly idealTree ├── vary@1.1.2
70 silly idealTree ├── wkx@0.4.8
70 silly idealTree ├── xtend@4.0.2
70 silly idealTree └── yallist@3.1.1
71 silly generateActionsToTake Starting
72 silly install generateActionsToTake
73 silly generateActionsToTake Finishing
74 silly diffTrees action count 2
75 silly diffTrees add dotenv@8.2.0
76 silly diffTrees update sequelize@5.21.3
77 silly decomposeActions action count 16
78 silly decomposeActions fetch dotenv@8.2.0
79 silly decomposeActions extract dotenv@8.2.0
80 silly decomposeActions test dotenv@8.2.0
81 silly decomposeActions preinstall dotenv@8.2.0
82 silly decomposeActions build dotenv@8.2.0
83 silly decomposeActions install dotenv@8.2.0
84 silly decomposeActions postinstall dotenv@8.2.0
85 silly decomposeActions finalize dotenv@8.2.0
86 silly decomposeActions fetch sequelize@5.21.3
87 silly decomposeActions extract sequelize@5.21.3
88 silly decomposeActions test sequelize@5.21.3
89 silly decomposeActions preinstall sequelize@5.21.3
90 silly decomposeActions build sequelize@5.21.3
91 silly decomposeActions install sequelize@5.21.3
92 silly decomposeActions postinstall sequelize@5.21.3
93 silly decomposeActions finalize sequelize@5.21.3
94 silly executeActions Starting
95 silly install executeActions
96 silly doSerial global-install 0
97 silly doParallel fetch 2
98 verbose lock using /home/jlavan1/.npm/_locks/staging-4915b14c047ec5d5.lock for /home/jlavan1/Scheduler/node_modules/.staging
99 silly doParallel extract 2
100 silly extract dotenv@8.2.0
101 silly extract sequelize@5.21.3
102 silly addNamed sequelize@5.21.3
103 verbose addNamed "5.21.3" is a plain semver version for sequelize
104 silly mapToRegistry name sequelize
105 silly mapToRegistry using default registry
106 silly mapToRegistry registry https://registry.npmjs.org/
107 silly mapToRegistry uri https://registry.npmjs.org/sequelize
108 verbose addNameVersion registry:https://registry.npmjs.org/sequelize not in flight; fetching
109 verbose unbuild node_modules/.staging/dotenv-731c21b8
110 silly gentlyRm /home/jlavan1/Scheduler/node_modules/.staging/dotenv-731c21b8 is being purged from base /home/jlavan1/Scheduler
111 verbose gentlyRm don't care about contents; nuking /home/jlavan1/Scheduler/node_modules/.staging/dotenv-731c21b8
112 verbose tar unpack /home/jlavan1/.npm/dotenv/8.2.0/package.tgz
113 verbose tar unpacking to /home/jlavan1/Scheduler/node_modules/.staging/dotenv-731c21b8
114 silly gentlyRm /home/jlavan1/Scheduler/node_modules/.staging/dotenv-731c21b8 is being purged
115 verbose gentlyRm don't care about contents; nuking /home/jlavan1/Scheduler/node_modules/.staging/dotenv-731c21b8
116 silly gunzTarPerm modes [ '755', '644' ]
117 verbose request uri https://registry.npmjs.org/sequelize
118 verbose request no auth needed
119 info attempt registry request try #1 at 7:01:05 PM
120 verbose etag W/"0a7cb6afe3e5d10fae999bfd60b15c17"
121 verbose lastModified Fri, 13 Dec 2019 06:42:58 GMT
122 http request GET https://registry.npmjs.org/sequelize
123 silly gunzTarPerm extractEntry LICENSE
124 silly gunzTarPerm extractEntry lib/cli-options.js
125 silly gunzTarPerm extractEntry config.js
126 silly gunzTarPerm extractEntry lib/env-options.js
127 silly gunzTarPerm extractEntry lib/main.js
128 silly gunzTarPerm extractEntry package.json
129 silly gunzTarPerm extractEntry types/tsconfig.json
130 silly gunzTarPerm extractEntry types/tslint.json
131 silly gunzTarPerm extractEntry CHANGELOG.md
132 silly gunzTarPerm extractEntry README.md
133 silly gunzTarPerm extractEntry types/index.d.ts
134 silly gunzTarPerm extractEntry types/test.ts
135 http 304 https://registry.npmjs.org/sequelize
136 verbose headers { date: 'Wed, 22 Jan 2020 03:01:05 GMT',
136 verbose headers   connection: 'keep-alive',
136 verbose headers   'set-cookie':
136 verbose headers    [ '__cfduid=d1c5867f73f18f302d64d3668c83dd3441579662065; expires=Fri, 21-Feb-20 03:01:05 GMT; path=/; domain=.npmjs.org; HttpOnly; SameSite=Lax' ],
136 verbose headers   'cf-ray': '558e48033e1eb3ac-IAH',
136 verbose headers   age: '2606',
136 verbose headers   'cache-control': 'public, max-age=300',
136 verbose headers   etag: '"0a7cb6afe3e5d10fae999bfd60b15c17"',
136 verbose headers   'last-modified': 'Fri, 13 Dec 2019 06:42:58 GMT',
136 verbose headers   vary: 'Accept-Encoding',
136 verbose headers   'cf-cache-status': 'HIT',
136 verbose headers   'expect-ct': 'max-age=604800, report-uri="https://report-uri.cloudflare.com/cdn-cgi/beacon/expect-ct"',
136 verbose headers   server: 'cloudflare' }
137 silly get cb [ 304,
137 silly get   { date: 'Wed, 22 Jan 2020 03:01:05 GMT',
137 silly get     connection: 'keep-alive',
137 silly get     'set-cookie':
137 silly get      [ '__cfduid=d1c5867f73f18f302d64d3668c83dd3441579662065; expires=Fri, 21-Feb-20 03:01:05 GMT; path=/; domain=.npmjs.org; HttpOnly; SameSite=Lax' ],
137 silly get     'cf-ray': '558e48033e1eb3ac-IAH',
137 silly get     age: '2606',
137 silly get     'cache-control': 'public, max-age=300',
137 silly get     etag: '"0a7cb6afe3e5d10fae999bfd60b15c17"',
137 silly get     'last-modified': 'Fri, 13 Dec 2019 06:42:58 GMT',
137 silly get     vary: 'Accept-Encoding',
137 silly get     'cf-cache-status': 'HIT',
137 silly get     'expect-ct': 'max-age=604800, report-uri="https://report-uri.cloudflare.com/cdn-cgi/beacon/expect-ct"',
137 silly get     server: 'cloudflare' } ]
138 verbose etag https://registry.npmjs.org/sequelize from cache
139 verbose get saving sequelize to /home/jlavan1/.npm/registry.npmjs.org/sequelize/.cache.json
140 silly mapToRegistry name sequelize
141 silly mapToRegistry using default registry
142 silly mapToRegistry registry https://registry.npmjs.org/
143 silly mapToRegistry uri https://registry.npmjs.org/sequelize
144 verbose addRemoteTarball https://registry.npmjs.org/sequelize/-/sequelize-5.21.3.tgz not in flight; adding
145 verbose addRemoteTarball [ 'https://registry.npmjs.org/sequelize/-/sequelize-5.21.3.tgz',
145 verbose addRemoteTarball   'f8a6fa0245f8995d70849e4da00c2c7c9aa9f569' ]
146 info retry fetch attempt 1 at 7:01:05 PM
147 info attempt registry request try #1 at 7:01:05 PM
148 http fetch GET https://registry.npmjs.org/sequelize/-/sequelize-5.21.3.tgz
149 silly gentlyRm /home/jlavan1/Scheduler/node_modules/.staging/dotenv-731c21b8/node_modules is being purged
150 verbose gentlyRm don't care about contents; nuking /home/jlavan1/Scheduler/node_modules/.staging/dotenv-731c21b8/node_modules
151 http fetch 200 https://registry.npmjs.org/sequelize/-/sequelize-5.21.3.tgz
152 silly fetchAndShaCheck shasum f8a6fa0245f8995d70849e4da00c2c7c9aa9f569
153 verbose addTmpTarball /tmp/npm-13573-9f71f8e1/registry.npmjs.org/sequelize/-/sequelize-5.21.3.tgz not in flight; adding
154 verbose addTmpTarball already have metadata; skipping unpack for sequelize@5.21.3
155 verbose unbuild node_modules/.staging/sequelize-8a4aa3ee
156 silly gentlyRm /home/jlavan1/Scheduler/node_modules/.staging/sequelize-8a4aa3ee is being purged from base /home/jlavan1/Scheduler
157 verbose gentlyRm don't care about contents; nuking /home/jlavan1/Scheduler/node_modules/.staging/sequelize-8a4aa3ee
158 verbose tar unpack /home/jlavan1/.npm/sequelize/5.21.3/package.tgz
159 verbose tar unpacking to /home/jlavan1/Scheduler/node_modules/.staging/sequelize-8a4aa3ee
160 silly gentlyRm /home/jlavan1/Scheduler/node_modules/.staging/sequelize-8a4aa3ee is being purged
161 verbose gentlyRm don't care about contents; nuking /home/jlavan1/Scheduler/node_modules/.staging/sequelize-8a4aa3ee
162 silly gunzTarPerm modes [ '755', '644' ]
163 silly gunzTarPerm extractEntry LICENSE
164 silly gunzTarPerm modified mode [ 'LICENSE', 436, 420 ]
165 silly gunzTarPerm extractEntry lib/errors/connection/access-denied-error.js
166 silly gunzTarPerm modified mode [ 'lib/errors/connection/access-denied-error.js', 436, 420 ]
167 silly gunzTarPerm extractEntry lib/errors/association-error.js
168 silly gunzTarPerm modified mode [ 'lib/errors/association-error.js', 436, 420 ]
169 silly gunzTarPerm extractEntry lib/errors/base-error.js
170 silly gunzTarPerm modified mode [ 'lib/errors/base-error.js', 436, 420 ]
171 silly gunzTarPerm extractEntry lib/associations/base.js
172 silly gunzTarPerm modified mode [ 'lib/associations/base.js', 436, 420 ]
173 silly gunzTarPerm extractEntry lib/associations/belongs-to-many.js
174 silly gunzTarPerm modified mode [ 'lib/associations/belongs-to-many.js', 436, 420 ]
175 silly gunzTarPerm extractEntry lib/associations/belongs-to.js
176 silly gunzTarPerm modified mode [ 'lib/associations/belongs-to.js', 436, 420 ]
177 silly gunzTarPerm extractEntry lib/errors/bulk-record-error.js
178 silly gunzTarPerm modified mode [ 'lib/errors/bulk-record-error.js', 436, 420 ]
179 silly gunzTarPerm extractEntry lib/utils/classToInvokable.js
180 silly gunzTarPerm modified mode [ 'lib/utils/classToInvokable.js', 436, 420 ]
181 silly gunzTarPerm extractEntry lib/errors/connection/connection-acquire-timeout-error.js
182 silly gunzTarPerm modified mode [ 'lib/errors/connection/connection-acquire-timeout-error.js',
182 silly gunzTarPerm   436,
182 silly gunzTarPerm   420 ]
183 silly gunzTarPerm extractEntry lib/errors/connection-error.js
184 silly gunzTarPerm modified mode [ 'lib/errors/connection-error.js', 436, 420 ]
185 silly gunzTarPerm extractEntry lib/dialects/abstract/connection-manager.js
186 silly gunzTarPerm modified mode [ 'lib/dialects/abstract/connection-manager.js', 436, 420 ]
187 silly gunzTarPerm extractEntry lib/dialects/mariadb/connection-manager.js
188 silly gunzTarPerm modified mode [ 'lib/dialects/mariadb/connection-manager.js', 436, 420 ]
189 silly gunzTarPerm extractEntry lib/dialects/mssql/connection-manager.js
190 silly gunzTarPerm modified mode [ 'lib/dialects/mssql/connection-manager.js', 436, 420 ]
191 silly gunzTarPerm extractEntry lib/dialects/mysql/connection-manager.js
192 silly gunzTarPerm modified mode [ 'lib/dialects/mysql/connection-manager.js', 436, 420 ]
193 silly gunzTarPerm extractEntry lib/dialects/postgres/connection-manager.js
194 silly gunzTarPerm modified mode [ 'lib/dialects/postgres/connection-manager.js', 436, 420 ]
195 silly gunzTarPerm extractEntry lib/dialects/sqlite/connection-manager.js
196 silly gunzTarPerm modified mode [ 'lib/dialects/sqlite/connection-manager.js', 436, 420 ]
197 silly gunzTarPerm extractEntry lib/errors/connection/connection-refused-error.js
198 silly gunzTarPerm modified mode [ 'lib/errors/connection/connection-refused-error.js', 436, 420 ]
199 silly gunzTarPerm extractEntry lib/errors/connection/connection-timed-out-error.js
200 silly gunzTarPerm modified mode [ 'lib/errors/connection/connection-timed-out-error.js',
200 silly gunzTarPerm   436,
200 silly gunzTarPerm   420 ]
201 silly gunzTarPerm extractEntry lib/data-types.js
202 silly gunzTarPerm modified mode [ 'lib/data-types.js', 436, 420 ]
203 silly gunzTarPerm extractEntry lib/dialects/mariadb/data-types.js
204 silly gunzTarPerm modified mode [ 'lib/dialects/mariadb/data-types.js', 436, 420 ]
205 silly gunzTarPerm extractEntry lib/dialects/mssql/data-types.js
206 silly gunzTarPerm modified mode [ 'lib/dialects/mssql/data-types.js', 436, 420 ]
207 silly gunzTarPerm extractEntry lib/dialects/mysql/data-types.js
208 silly gunzTarPerm modified mode [ 'lib/dialects/mysql/data-types.js', 436, 420 ]
209 silly gunzTarPerm extractEntry lib/dialects/postgres/data-types.js
210 silly gunzTarPerm modified mode [ 'lib/dialects/postgres/data-types.js', 436, 420 ]
211 silly gunzTarPerm extractEntry lib/dialects/sqlite/data-types.js
212 silly gunzTarPerm modified mode [ 'lib/dialects/sqlite/data-types.js', 436, 420 ]
213 silly gunzTarPerm extractEntry lib/errors/database-error.js
214 silly gunzTarPerm modified mode [ 'lib/errors/database-error.js', 436, 420 ]
215 silly gunzTarPerm extractEntry lib/deferrable.js
216 silly gunzTarPerm modified mode [ 'lib/deferrable.js', 436, 420 ]
217 silly gunzTarPerm extractEntry lib/utils/deprecations.js
218 silly gunzTarPerm modified mode [ 'lib/utils/deprecations.js', 436, 420 ]
219 silly gunzTarPerm extractEntry lib/errors/eager-loading-error.js
220 silly gunzTarPerm modified mode [ 'lib/errors/eager-loading-error.js', 436, 420 ]
221 silly gunzTarPerm extractEntry lib/errors/empty-result-error.js
222 silly gunzTarPerm modified mode [ 'lib/errors/empty-result-error.js', 436, 420 ]
223 silly gunzTarPerm extractEntry lib/errors/database/exclusion-constraint-error.js
224 silly gunzTarPerm modified mode [ 'lib/errors/database/exclusion-constraint-error.js', 436, 420 ]
225 silly gunzTarPerm extractEntry lib/errors/database/foreign-key-constraint-error.js
226 silly gunzTarPerm modified mode [ 'lib/errors/database/foreign-key-constraint-error.js',
226 silly gunzTarPerm   436,
226 silly gunzTarPerm   420 ]
227 silly gunzTarPerm extractEntry lib/associations/has-many.js
228 silly gunzTarPerm modified mode [ 'lib/associations/has-many.js', 436, 420 ]
229 silly gunzTarPerm extractEntry lib/associations/has-one.js
230 silly gunzTarPerm modified mode [ 'lib/associations/has-one.js', 436, 420 ]
231 silly gunzTarPerm extractEntry lib/associations/helpers.js
232 silly gunzTarPerm modified mode [ 'lib/associations/helpers.js', 436, 420 ]
233 silly gunzTarPerm extractEntry lib/hooks.js
234 silly gunzTarPerm modified mode [ 'lib/hooks.js', 436, 420 ]
235 silly gunzTarPerm extractEntry lib/errors/connection/host-not-found-error.js
236 silly gunzTarPerm modified mode [ 'lib/errors/connection/host-not-found-error.js', 436, 420 ]
237 silly gunzTarPerm extractEntry lib/errors/connection/host-not-reachable-error.js
238 silly gunzTarPerm modified mode [ 'lib/errors/connection/host-not-reachable-error.js', 436, 420 ]
239 silly gunzTarPerm extractEntry lib/dialects/postgres/hstore.js
240 silly gunzTarPerm modified mode [ 'lib/dialects/postgres/hstore.js', 436, 420 ]
241 silly gunzTarPerm extractEntry lib/index-hints.js
242 silly gunzTarPerm modified mode [ 'lib/index-hints.js', 436, 420 ]
243 silly gunzTarPerm extractEntry index.js
244 silly gunzTarPerm modified mode [ 'index.js', 436, 420 ]
245 silly gunzTarPerm extractEntry lib/associations/index.js
246 silly gunzTarPerm modified mode [ 'lib/associations/index.js', 436, 420 ]
247 silly gunzTarPerm extractEntry lib/dialects/abstract/index.js
248 silly gunzTarPerm modified mode [ 'lib/dialects/abstract/index.js', 436, 420 ]
249 silly gunzTarPerm extractEntry lib/dialects/mariadb/index.js
250 silly gunzTarPerm modified mode [ 'lib/dialects/mariadb/index.js', 436, 420 ]
251 silly gunzTarPerm extractEntry lib/dialects/mssql/index.js
252 silly gunzTarPerm modified mode [ 'lib/dialects/mssql/index.js', 436, 420 ]
253 silly gunzTarPerm extractEntry lib/dialects/mysql/index.js
254 silly gunzTarPerm modified mode [ 'lib/dialects/mysql/index.js', 436, 420 ]
255 silly gunzTarPerm extractEntry lib/dialects/postgres/index.js
256 silly gunzTarPerm modified mode [ 'lib/dialects/postgres/index.js', 436, 420 ]
257 silly gunzTarPerm extractEntry lib/dialects/sqlite/index.js
258 silly gunzTarPerm modified mode [ 'lib/dialects/sqlite/index.js', 436, 420 ]
259 silly gunzTarPerm extractEntry lib/errors/index.js
260 silly gunzTarPerm modified mode [ 'lib/errors/index.js', 436, 420 ]
261 silly gunzTarPerm extractEntry lib/errors/instance-error.js
262 silly gunzTarPerm modified mode [ 'lib/errors/instance-error.js', 436, 420 ]
263 silly gunzTarPerm extractEntry lib/instance-validator.js
264 silly gunzTarPerm modified mode [ 'lib/instance-validator.js', 436, 420 ]
265 silly gunzTarPerm extractEntry lib/errors/connection/invalid-connection-error.js
266 silly gunzTarPerm modified mode [ 'lib/errors/connection/invalid-connection-error.js', 436, 420 ]
267 silly gunzTarPerm extractEntry lib/utils/logger.js
268 silly gunzTarPerm modified mode [ 'lib/utils/logger.js', 436, 420 ]
269 silly gunzTarPerm extractEntry lib/associations/mixin.js
270 silly gunzTarPerm modified mode [ 'lib/associations/mixin.js', 436, 420 ]
271 silly gunzTarPerm extractEntry lib/model-manager.js
272 silly gunzTarPerm modified mode [ 'lib/model-manager.js', 436, 420 ]
273 silly gunzTarPerm extractEntry lib/model.js
274 silly gunzTarPerm modified mode [ 'lib/model.js', 436, 420 ]
275 silly gunzTarPerm extractEntry lib/dialects/abstract/query-generator/operators.js
276 silly gunzTarPerm modified mode [ 'lib/dialects/abstract/query-generator/operators.js',
276 silly gunzTarPerm   436,
276 silly gunzTarPerm   420 ]
277 silly gunzTarPerm extractEntry lib/operators.js
278 silly gunzTarPerm modified mode [ 'lib/operators.js', 436, 420 ]
279 silly gunzTarPerm extractEntry lib/errors/optimistic-lock-error.js
280 silly gunzTarPerm modified mode [ 'lib/errors/optimistic-lock-error.js', 436, 420 ]
281 silly gunzTarPerm extractEntry lib/dialects/parserStore.js
282 silly gunzTarPerm modified mode [ 'lib/dialects/parserStore.js', 436, 420 ]
283 silly gunzTarPerm extractEntry lib/promise.js
284 silly gunzTarPerm modified mode [ 'lib/promise.js', 436, 420 ]
285 silly gunzTarPerm extractEntry lib/errors/query-error.js
286 silly gunzTarPerm modified mode [ 'lib/errors/query-error.js', 436, 420 ]
287 silly gunzTarPerm extractEntry lib/dialects/abstract/query-generator.js
288 silly gunzTarPerm modified mode [ 'lib/dialects/abstract/query-generator.js', 509, 493 ]
289 silly gunzTarPerm extractEntry lib/dialects/mariadb/query-generator.js
290 silly gunzTarPerm modified mode [ 'lib/dialects/mariadb/query-generator.js', 436, 420 ]
291 silly gunzTarPerm extractEntry lib/dialects/mssql/query-generator.js
292 silly gunzTarPerm modified mode [ 'lib/dialects/mssql/query-generator.js', 436, 420 ]
293 silly gunzTarPerm extractEntry lib/dialects/mysql/query-generator.js
294 silly gunzTarPerm modified mode [ 'lib/dialects/mysql/query-generator.js', 436, 420 ]
295 silly gunzTarPerm extractEntry lib/dialects/postgres/query-generator.js
296 silly gunzTarPerm modified mode [ 'lib/dialects/postgres/query-generator.js', 509, 493 ]
297 silly gunzTarPerm extractEntry lib/dialects/sqlite/query-generator.js
298 silly gunzTarPerm modified mode [ 'lib/dialects/sqlite/query-generator.js', 436, 420 ]
299 silly gunzTarPerm extractEntry lib/dialects/mssql/query-interface.js
300 silly gunzTarPerm modified mode [ 'lib/dialects/mssql/query-interface.js', 436, 420 ]
301 silly gunzTarPerm extractEntry lib/dialects/mysql/query-interface.js
302 silly gunzTarPerm modified mode [ 'lib/dialects/mysql/query-interface.js', 436, 420 ]
303 silly gunzTarPerm extractEntry lib/dialects/postgres/query-interface.js
304 silly gunzTarPerm modified mode [ 'lib/dialects/postgres/query-interface.js', 436, 420 ]
305 silly gunzTarPerm extractEntry lib/dialects/sqlite/query-interface.js
306 silly gunzTarPerm modified mode [ 'lib/dialects/sqlite/query-interface.js', 436, 420 ]
307 silly gunzTarPerm extractEntry lib/query-interface.js
308 silly gunzTarPerm modified mode [ 'lib/query-interface.js', 436, 420 ]
309 silly gunzTarPerm extractEntry lib/query-types.js
310 silly gunzTarPerm modified mode [ 'lib/query-types.js', 436, 420 ]
311 silly gunzTarPerm extractEntry lib/dialects/abstract/query.js
312 silly gunzTarPerm modified mode [ 'lib/dialects/abstract/query.js', 509, 493 ]
313 silly gunzTarPerm extractEntry lib/dialects/mariadb/query.js
314 silly gunzTarPerm modified mode [ 'lib/dialects/mariadb/query.js', 436, 420 ]
315 silly gunzTarPerm extractEntry lib/dialects/mssql/query.js
316 silly gunzTarPerm modified mode [ 'lib/dialects/mssql/query.js', 436, 420 ]
317 silly gunzTarPerm extractEntry lib/dialects/mysql/query.js
318 silly gunzTarPerm modified mode [ 'lib/dialects/mysql/query.js', 436, 420 ]
319 silly gunzTarPerm extractEntry lib/dialects/postgres/query.js
320 silly gunzTarPerm modified mode [ 'lib/dialects/postgres/query.js', 436, 420 ]
321 silly gunzTarPerm extractEntry lib/dialects/sqlite/query.js
322 silly gunzTarPerm modified mode [ 'lib/dialects/sqlite/query.js', 436, 420 ]
323 silly gunzTarPerm extractEntry lib/dialects/abstract/query-generator/helpers/quote.js
324 silly gunzTarPerm modified mode [ 'lib/dialects/abstract/query-generator/helpers/quote.js',
324 silly gunzTarPerm   436,
324 silly gunzTarPerm   420 ]
325 silly gunzTarPerm extractEntry lib/dialects/postgres/range.js
326 silly gunzTarPerm modified mode [ 'lib/dialects/postgres/range.js', 436, 420 ]
327 silly gunzTarPerm extractEntry lib/dialects/mssql/resource-lock.js
328 silly gunzTarPerm modified mode [ 'lib/dialects/mssql/resource-lock.js', 436, 420 ]
329 silly gunzTarPerm extractEntry lib/errors/sequelize-scope-error.js
330 silly gunzTarPerm modified mode [ 'lib/errors/sequelize-scope-error.js', 436, 420 ]
331 silly gunzTarPerm extractEntry lib/sequelize.js
332 silly gunzTarPerm modified mode [ 'lib/sequelize.js', 509, 493 ]
333 silly gunzTarPerm extractEntry lib/sql-string.js
334 silly gunzTarPerm modified mode [ 'lib/sql-string.js', 436, 420 ]
335 silly gunzTarPerm extractEntry lib/table-hints.js
336 silly gunzTarPerm modified mode [ 'lib/table-hints.js', 436, 420 ]
337 silly gunzTarPerm extractEntry lib/errors/database/timeout-error.js
338 silly gunzTarPerm modified mode [ 'lib/errors/database/timeout-error.js', 436, 420 ]
339 silly gunzTarPerm extractEntry lib/dialects/abstract/query-generator/transaction.js
340 silly gunzTarPerm modified mode [ 'lib/dialects/abstract/query-generator/transaction.js',
340 silly gunzTarPerm   436,
340 silly gunzTarPerm   420 ]
341 silly gunzTarPerm extractEntry lib/transaction.js
342 silly gunzTarPerm modified mode [ 'lib/transaction.js', 436, 420 ]
343 silly gunzTarPerm extractEntry lib/errors/validation/unique-constraint-error.js
344 silly gunzTarPerm modified mode [ 'lib/errors/validation/unique-constraint-error.js', 436, 420 ]
345 silly gunzTarPerm extractEntry lib/errors/database/unknown-constraint-error.js
346 silly gunzTarPerm modified mode [ 'lib/errors/database/unknown-constraint-error.js', 436, 420 ]
347 silly gunzTarPerm extractEntry lib/utils.js
348 silly gunzTarPerm modified mode [ 'lib/utils.js', 436, 420 ]
349 silly gunzTarPerm extractEntry lib/errors/validation-error.js
350 silly gunzTarPerm modified mode [ 'lib/errors/validation-error.js', 436, 420 ]
351 silly gunzTarPerm extractEntry lib/utils/validator-extras.js
352 silly gunzTarPerm modified mode [ 'lib/utils/validator-extras.js', 436, 420 ]
353 silly gunzTarPerm extractEntry package.json
354 silly gunzTarPerm modified mode [ 'package.json', 436, 420 ]
355 silly gunzTarPerm extractEntry README.md
356 silly gunzTarPerm modified mode [ 'README.md', 436, 420 ]
357 silly gunzTarPerm extractEntry types/lib/associations/base.d.ts
358 silly gunzTarPerm modified mode [ 'types/lib/associations/base.d.ts', 436, 420 ]
359 silly gunzTarPerm extractEntry types/lib/associations/belongs-to-many.d.ts
360 silly gunzTarPerm modified mode [ 'types/lib/associations/belongs-to-many.d.ts', 436, 420 ]
361 silly gunzTarPerm extractEntry types/lib/associations/belongs-to.d.ts
362 silly gunzTarPerm modified mode [ 'types/lib/associations/belongs-to.d.ts', 436, 420 ]
363 silly gunzTarPerm extractEntry types/lib/connection-manager.d.ts
364 silly gunzTarPerm modified mode [ 'types/lib/connection-manager.d.ts', 436, 420 ]
365 silly gunzTarPerm extractEntry types/lib/data-types.d.ts
366 silly gunzTarPerm modified mode [ 'types/lib/data-types.d.ts', 436, 420 ]
367 silly gunzTarPerm extractEntry types/lib/deferrable.d.ts
368 silly gunzTarPerm modified mode [ 'types/lib/deferrable.d.ts', 436, 420 ]
369 silly gunzTarPerm extractEntry types/lib/errors.d.ts
370 silly gunzTarPerm modified mode [ 'types/lib/errors.d.ts', 436, 420 ]
371 silly gunzTarPerm extractEntry types/lib/associations/has-many.d.ts
372 silly gunzTarPerm modified mode [ 'types/lib/associations/has-many.d.ts', 436, 420 ]
373 silly gunzTarPerm extractEntry types/lib/associations/has-one.d.ts
374 silly gunzTarPerm modified mode [ 'types/lib/associations/has-one.d.ts', 436, 420 ]
375 silly gunzTarPerm extractEntry types/lib/hooks.d.ts
376 silly gunzTarPerm modified mode [ 'types/lib/hooks.d.ts', 436, 420 ]
377 silly gunzTarPerm extractEntry types/lib/index-hints.d.ts
378 silly gunzTarPerm modified mode [ 'types/lib/index-hints.d.ts', 436, 420 ]
379 silly gunzTarPerm extractEntry types/index.d.ts
380 silly gunzTarPerm modified mode [ 'types/index.d.ts', 436, 420 ]
381 silly gunzTarPerm extractEntry types/lib/associations/index.d.ts
382 silly gunzTarPerm modified mode [ 'types/lib/associations/index.d.ts', 436, 420 ]
383 silly gunzTarPerm extractEntry types/lib/instance-validator.d.ts
384 silly gunzTarPerm modified mode [ 'types/lib/instance-validator.d.ts', 436, 420 ]
385 silly gunzTarPerm extractEntry types/lib/utils/logger.d.ts
386 silly gunzTarPerm modified mode [ 'types/lib/utils/logger.d.ts', 436, 420 ]
387 silly gunzTarPerm extractEntry types/lib/model-manager.d.ts
388 silly gunzTarPerm modified mode [ 'types/lib/model-manager.d.ts', 436, 420 ]
389 silly gunzTarPerm extractEntry types/lib/model.d.ts
390 silly gunzTarPerm modified mode [ 'types/lib/model.d.ts', 436, 420 ]
391 silly gunzTarPerm extractEntry types/lib/operators.d.ts
392 silly gunzTarPerm modified mode [ 'types/lib/operators.d.ts', 436, 420 ]
393 silly gunzTarPerm extractEntry types/lib/promise.d.ts
394 silly gunzTarPerm modified mode [ 'types/lib/promise.d.ts', 436, 420 ]
395 silly gunzTarPerm extractEntry types/lib/query-interface.d.ts
396 silly gunzTarPerm modified mode [ 'types/lib/query-interface.d.ts', 436, 420 ]
397 silly gunzTarPerm extractEntry types/lib/query-types.d.ts
398 silly gunzTarPerm modified mode [ 'types/lib/query-types.d.ts', 436, 420 ]
399 silly gunzTarPerm extractEntry types/lib/sequelize.d.ts
400 silly gunzTarPerm modified mode [ 'types/lib/sequelize.d.ts', 436, 420 ]
401 silly gunzTarPerm extractEntry types/lib/sql-string.d.ts
402 silly gunzTarPerm modified mode [ 'types/lib/sql-string.d.ts', 436, 420 ]
403 silly gunzTarPerm extractEntry types/lib/table-hints.d.ts
404 silly gunzTarPerm modified mode [ 'types/lib/table-hints.d.ts', 436, 420 ]
405 silly gunzTarPerm extractEntry types/lib/transaction.d.ts
406 silly gunzTarPerm modified mode [ 'types/lib/transaction.d.ts', 436, 420 ]
407 silly gunzTarPerm extractEntry types/lib/utils.d.ts
408 silly gunzTarPerm modified mode [ 'types/lib/utils.d.ts', 436, 420 ]
409 silly gunzTarPerm extractEntry types/lib/utils/validator-extras.d.ts
410 silly gunzTarPerm modified mode [ 'types/lib/utils/validator-extras.d.ts', 436, 420 ]
411 silly gentlyRm /home/jlavan1/Scheduler/node_modules/.staging/sequelize-8a4aa3ee/node_modules is being purged
412 verbose gentlyRm don't care about contents; nuking /home/jlavan1/Scheduler/node_modules/.staging/sequelize-8a4aa3ee/node_modules
413 silly doParallel preinstall 2
414 silly preinstall dotenv@8.2.0 /home/jlavan1/Scheduler/node_modules/.staging/dotenv-731c21b8
415 info lifecycle dotenv@8.2.0~preinstall: dotenv@8.2.0
416 silly preinstall sequelize@5.21.3 /home/jlavan1/Scheduler/node_modules/.staging/sequelize-8a4aa3ee
417 info lifecycle sequelize@5.21.3~preinstall: sequelize@5.21.3
418 silly lifecycle dotenv@8.2.0~preinstall: no script for preinstall, continuing
419 silly lifecycle sequelize@5.21.3~preinstall: no script for preinstall, continuing
420 silly doReverseSerial remove 0
421 silly doSerial move 0
422 silly doSerial finalize 2
423 silly finalize /home/jlavan1/Scheduler/node_modules/dotenv
424 silly finalize /home/jlavan1/Scheduler/node_modules/sequelize
425 verbose unlock done using /home/jlavan1/.npm/_locks/staging-4915b14c047ec5d5.lock for /home/jlavan1/Scheduler/node_modules/.staging
426 silly rollbackFailedOptional Starting
427 silly rollbackFailedOptional Finishing
428 silly runTopLevelLifecycles Starting
429 silly runTopLevelLifecycles Finishing
430 silly install printInstalled
431 warn scheduler@1.0.0 No description
432 verbose stack Error: EACCES: permission denied, rename '/home/jlavan1/Scheduler/node_modules/sequelize' -> '/home/jlavan1/Scheduler/node_modules/.sequelize.DELETE'
432 verbose stack     at moveAway (/usr/share/npm/lib/install/action/finalize.js:38:5)
432 verbose stack     at destStatted (/usr/share/npm/lib/install/action/finalize.js:27:7)
432 verbose stack     at FSReqWrap.oncomplete (fs.js:153:5)
432 verbose stack
432 verbose stack Error: EACCES: permission denied, rename '/home/jlavan1/Scheduler/node_modules/sequelize' -> '/home/jlavan1/Scheduler/node_modules/.sequelize.DELETE'
433 verbose cwd /home/jlavan1/Scheduler
434 error Linux 4.4.0-18362-Microsoft
435 error argv "/usr/bin/node" "/usr/bin/npm" "install" "dotenv"
436 error node v8.10.0
437 error npm  v3.5.2
438 error path /home/jlavan1/Scheduler/node_modules/sequelize
439 error code EACCES
440 error errno -13
441 error syscall rename
442 error Error: EACCES: permission denied, rename '/home/jlavan1/Scheduler/node_modules/sequelize' -> '/home/jlavan1/Scheduler/node_modules/.sequelize.DELETE'
442 error     at moveAway (/usr/share/npm/lib/install/action/finalize.js:38:5)
442 error     at destStatted (/usr/share/npm/lib/install/action/finalize.js:27:7)
442 error     at FSReqWrap.oncomplete (fs.js:153:5)
442 error
442 error Error: EACCES: permission denied, rename '/home/jlavan1/Scheduler/node_modules/sequelize' -> '/home/jlavan1/Scheduler/node_modules/.sequelize.DELETE'
442 error  { Error: EACCES: permission denied, rename '/home/jlavan1/Scheduler/node_modules/sequelize' -> '/home/jlavan1/Scheduler/node_modules/.sequelize.DELETE'
442 error     at moveAway (/usr/share/npm/lib/install/action/finalize.js:38:5)
442 error     at destStatted (/usr/share/npm/lib/install/action/finalize.js:27:7)
442 error     at FSReqWrap.oncomplete (fs.js:153:5)
442 error
442 error Error: EACCES: permission denied, rename '/home/jlavan1/Scheduler/node_modules/sequelize' -> '/home/jlavan1/Scheduler/node_modules/.sequelize.DELETE' parent: 'scheduler' }
443 error Please try running this command again as root/Administrator.
444 verbose exit [ -13, true ]
